# JRE version: OpenJDK Runtime Environment GraalVM CE 22.3.0 (17.0.5+8) (build 17.0.5+8-jvmci-22.3-b08)
# Java VM: OpenJDK 64-Bit Server VM GraalVM CE 22.3.0 (17.0.5+8-jvmci-22.3-b08, mixed mode, sharing, tiered, jvmci, jvmci compiler, compressed oops, compressed class ptrs, parallel gc, linux-amd64)
GC Precious Log:
 CPUs: 8 total, 1 available
 Memory: 1024M
 Large Page Support: Disabled
 NUMA Support: Disabled
 Compressed Oops: Enabled (32-bit)
 Alignments: Space 512K, Generation 512K, Heap 2M
 Heap Min Capacity: 100M
 Heap Initial Capacity: 100M
 Heap Max Capacity: 512M
 Pre-touch: Disabled
 Parallel Workers: 1
Heap:
 PSYoungGen      total 44544K, used 31743K [0x00000000f5580000, 0x00000000fac00000, 0x0000000100000000)
  eden space 31744K, 99% used [0x00000000f5580000,0x00000000f747fff8,0x00000000f7480000)
  from space 12800K, 0% used [0x00000000f7480000,0x00000000f7480000,0x00000000f8100000)
  to   space 25600K, 0% used [0x00000000f9300000,0x00000000f9300000,0x00000000fac00000)
 ParOldGen       total 349696K, used 349696K [0x00000000e0000000, 0x00000000f5580000, 0x00000000f5580000)
  object space 349696K, 100% used [0x00000000e0000000,0x00000000f5580000,0x00000000f5580000)
 Metaspace       used 59663K, committed 60864K, reserved 1105920K
  class space    used 5938K, committed 6400K, reserved 1048576K
GC Heap History (20 events):
Event: 1151.212 GC heap before
{Heap before GC invocations=620 (full 508):
 PSYoungGen      total 44544K, used 31743K [0x00000000f5580000, 0x00000000fac00000, 0x0000000100000000)
  eden space 31744K, 99% used [0x00000000f5580000,0x00000000f747fff0,0x00000000f7480000)
  from space 12800K, 0% used [0x00000000f7480000,0x00000000f7480000,0x00000000f8100000)
  to   space 25600K, 0% used [0x00000000f9300000,0x00000000f9300000,0x00000000fac00000)
 ParOldGen       total 349696K, used 349691K [0x00000000e0000000, 0x00000000f5580000, 0x00000000f5580000)
  object space 349696K, 99% used [0x00000000e0000000,0x00000000f557ee00,0x00000000f5580000)
 Metaspace       used 59628K, committed 60800K, reserved 1105920K
  class space    used 5934K, committed 6400K, reserved 1048576K
}
Event: 1153.256 GC heap after
{Heap after GC invocations=620 (full 508):
 PSYoungGen      total 57344K, used 31743K [0x00000000f5580000, 0x00000000fac00000, 0x0000000100000000)
  eden space 31744K, 99% used [0x00000000f5580000,0x00000000f747fff0,0x00000000f7480000)
  from space 25600K, 0% used [0x00000000f9300000,0x00000000f9300000,0x00000000fac00000)
  to   space 12800K, 0% used [0x00000000f7480000,0x00000000f7480000,0x00000000f8100000)
 ParOldGen       total 349696K, used 349691K [0x00000000e0000000, 0x00000000f5580000, 0x00000000f5580000)
  object space 349696K, 99% used [0x00000000e0000000,0x00000000f557ee00,0x00000000f5580000)
 Metaspace       used 59628K, committed 60800K, reserved 1105920K
  class space    used 5934K, committed 6400K, reserved 1048576K
}
Event: 1153.264 GC heap before
{Heap before GC invocations=621 (full 509):
 PSYoungGen      total 57344K, used 31744K [0x00000000f5580000, 0x00000000fac00000, 0x0000000100000000)
  eden space 31744K, 100% used [0x00000000f5580000,0x00000000f7480000,0x00000000f7480000)
  from space 25600K, 0% used [0x00000000f9300000,0x00000000f9300000,0x00000000fac00000)
  to   space 12800K, 0% used [0x00000000f7480000,0x00000000f7480000,0x00000000f8100000)
 ParOldGen       total 349696K, used 349694K [0x00000000e0000000, 0x00000000f5580000, 0x00000000f5580000)
  object space 349696K, 99% used [0x00000000e0000000,0x00000000f557f8b0,0x00000000f5580000)
 Metaspace       used 59647K, committed 60864K, reserved 1105920K
  class space    used 5936K, committed 6400K, reserved 1048576K
}
Event: 1155.087 GC heap after
{Heap after GC invocations=621 (full 509):
 PSYoungGen      total 44544K, used 31743K [0x00000000f5580000, 0x00000000fac00000, 0x0000000100000000)
  eden space 31744K, 99% used [0x00000000f5580000,0x00000000f747ff50,0x00000000f7480000)
  from space 12800K, 0% used [0x00000000f7480000,0x00000000f7480000,0x00000000f8100000)
  to   space 25600K, 0% used [0x00000000f9300000,0x00000000f9300000,0x00000000fac00000)
 ParOldGen       total 349696K, used 349691K [0x00000000e0000000, 0x00000000f5580000, 0x00000000f5580000)
  object space 349696K, 99% used [0x00000000e0000000,0x00000000f557ef00,0x00000000f5580000)
 Metaspace       used 59647K, committed 60864K, reserved 1105920K
  class space    used 5936K, committed 6400K, reserved 1048576K
}
Event: 1155.088 GC heap before
{Heap before GC invocations=622 (full 510):
 PSYoungGen      total 44544K, used 31743K [0x00000000f5580000, 0x00000000fac00000, 0x0000000100000000)
  eden space 31744K, 99% used [0x00000000f5580000,0x00000000f747fff8,0x00000000f7480000)
  from space 12800K, 0% used [0x00000000f7480000,0x00000000f7480000,0x00000000f8100000)
  to   space 25600K, 0% used [0x00000000f9300000,0x00000000f9300000,0x00000000fac00000)
 ParOldGen       total 349696K, used 349691K [0x00000000e0000000, 0x00000000f5580000, 0x00000000f5580000)
  object space 349696K, 99% used [0x00000000e0000000,0x00000000f557ef00,0x00000000f5580000)
 Metaspace       used 59647K, committed 60864K, reserved 1105920K
  class space    used 5936K, committed 6400K, reserved 1048576K
}
Event: 1157.189 GC heap after
{Heap after GC invocations=622 (full 510):
 PSYoungGen      total 57344K, used 31743K [0x00000000f5580000, 0x00000000fac00000, 0x0000000100000000)
  eden space 31744K, 99% used [0x00000000f5580000,0x00000000f747fff8,0x00000000f7480000)
  from space 25600K, 0% used [0x00000000f9300000,0x00000000f9300000,0x00000000fac00000)
  to   space 12800K, 0% used [0x00000000f7480000,0x00000000f7480000,0x00000000f8100000)
 ParOldGen       total 349696K, used 349691K [0x00000000e0000000, 0x00000000f5580000, 0x00000000f5580000)
  object space 349696K, 99% used [0x00000000e0000000,0x00000000f557ef00,0x00000000f5580000)
 Metaspace       used 59647K, committed 60864K, reserved 1105920K
  class space    used 5936K, committed 6400K, reserved 1048576K
}
Event: 1157.191 GC heap before
{Heap before GC invocations=623 (full 511):
 PSYoungGen      total 57344K, used 31743K [0x00000000f5580000, 0x00000000fac00000, 0x0000000100000000)
  eden space 31744K, 99% used [0x00000000f5580000,0x00000000f747fff8,0x00000000f7480000)
  from space 25600K, 0% used [0x00000000f9300000,0x00000000f9300000,0x00000000fac00000)
  to   space 12800K, 0% used [0x00000000f7480000,0x00000000f7480000,0x00000000f8100000)
 ParOldGen       total 349696K, used 349694K [0x00000000e0000000, 0x00000000f5580000, 0x00000000f5580000)
  object space 349696K, 99% used [0x00000000e0000000,0x00000000f557fa28,0x00000000f5580000)
 Metaspace       used 59663K, committed 60864K, reserved 1105920K
  class space    used 5938K, committed 6400K, reserved 1048576K
}
Event: 1159.304 GC heap after
{Heap after GC invocations=623 (full 511):
 PSYoungGen      total 44544K, used 31743K [0x00000000f5580000, 0x00000000fac00000, 0x0000000100000000)
  eden space 31744K, 99% used [0x00000000f5580000,0x00000000f747fff8,0x00000000f7480000)
  from space 12800K, 0% used [0x00000000f7480000,0x00000000f7480000,0x00000000f8100000)
  to   space 25600K, 0% used [0x00000000f9300000,0x00000000f9300000,0x00000000fac00000)
 ParOldGen       total 349696K, used 349694K [0x00000000e0000000, 0x00000000f5580000, 0x00000000f5580000)
  object space 349696K, 99% used [0x00000000e0000000,0x00000000f557f8c0,0x00000000f5580000)
 Metaspace       used 59663K, committed 60864K, reserved 1105920K
  class space    used 5938K, committed 6400K, reserved 1048576K
}
Event: 1159.348 GC heap before
{Heap before GC invocations=624 (full 512):
 PSYoungGen      total 44544K, used 31743K [0x00000000f5580000, 0x00000000fac00000, 0x0000000100000000)
  eden space 31744K, 99% used [0x00000000f5580000,0x00000000f747fff8,0x00000000f7480000)
  from space 12800K, 0% used [0x00000000f7480000,0x00000000f7480000,0x00000000f8100000)
  to   space 25600K, 0% used [0x00000000f9300000,0x00000000f9300000,0x00000000fac00000)
 ParOldGen       total 349696K, used 349695K [0x00000000e0000000, 0x00000000f5580000, 0x00000000f5580000)
  object space 349696K, 99% used [0x00000000e0000000,0x00000000f557ff78,0x00000000f5580000)
 Metaspace       used 59663K, committed 60864K, reserved 1105920K
  class space    used 5938K, committed 6400K, reserved 1048576K
}
Event: 1161.304 GC heap after
{Heap after GC invocations=624 (full 512):
 PSYoungGen      total 57344K, used 31743K [0x00000000f5580000, 0x00000000fac00000, 0x0000000100000000)
  eden space 31744K, 99% used [0x00000000f5580000,0x00000000f747fff8,0x00000000f7480000)
  from space 25600K, 0% used [0x00000000f9300000,0x00000000f9300000,0x00000000fac00000)
  to   space 12800K, 0% used [0x00000000f7480000,0x00000000f7480000,0x00000000f8100000)
 ParOldGen       total 349696K, used 349694K [0x00000000e0000000, 0x00000000f5580000, 0x00000000f5580000)
  object space 349696K, 99% used [0x00000000e0000000,0x00000000f557fa10,0x00000000f5580000)
 Metaspace       used 59663K, committed 60864K, reserved 1105920K
  class space    used 5938K, committed 6400K, reserved 1048576K
}
Event: 1161.304 GC heap before
{Heap before GC invocations=625 (full 513):
 PSYoungGen      total 57344K, used 31743K [0x00000000f5580000, 0x00000000fac00000, 0x0000000100000000)
  eden space 31744K, 99% used [0x00000000f5580000,0x00000000f747fff8,0x00000000f7480000)
  from space 25600K, 0% used [0x00000000f9300000,0x00000000f9300000,0x00000000fac00000)
  to   space 12800K, 0% used [0x00000000f7480000,0x00000000f7480000,0x00000000f8100000)
 ParOldGen       total 349696K, used 349695K [0x00000000e0000000, 0x00000000f5580000, 0x00000000f5580000)
  object space 349696K, 99% used [0x00000000e0000000,0x00000000f557ffe8,0x00000000f5580000)
 Metaspace       used 59663K, committed 60864K, reserved 1105920K
  class space    used 5938K, committed 6400K, reserved 1048576K
}
Event: 1163.353 GC heap after
{Heap after GC invocations=625 (full 513):
 PSYoungGen      total 44544K, used 31743K [0x00000000f5580000, 0x00000000fac00000, 0x0000000100000000)
  eden space 31744K, 99% used [0x00000000f5580000,0x00000000f747fff8,0x00000000f7480000)
  from space 12800K, 0% used [0x00000000f7480000,0x00000000f7480000,0x00000000f8100000)
  to   space 25600K, 0% used [0x00000000f9300000,0x00000000f9300000,0x00000000fac00000)
 ParOldGen       total 349696K, used 349695K [0x00000000e0000000, 0x00000000f5580000, 0x00000000f5580000)
  object space 349696K, 99% used [0x00000000e0000000,0x00000000f557ff98,0x00000000f5580000)
 Metaspace       used 59663K, committed 60864K, reserved 1105920K
  class space    used 5938K, committed 6400K, reserved 1048576K
}
Event: 1163.353 GC heap before
{Heap before GC invocations=626 (full 514):
 PSYoungGen      total 44544K, used 31743K [0x00000000f5580000, 0x00000000fac00000, 0x0000000100000000)
  eden space 31744K, 99% used [0x00000000f5580000,0x00000000f747fff8,0x00000000f7480000)
  from space 12800K, 0% used [0x00000000f7480000,0x00000000f7480000,0x00000000f8100000)
  to   space 25600K, 0% used [0x00000000f9300000,0x00000000f9300000,0x00000000fac00000)
 ParOldGen       total 349696K, used 349695K [0x00000000e0000000, 0x00000000f5580000, 0x00000000f5580000)
  object space 349696K, 99% used [0x00000000e0000000,0x00000000f557ffe8,0x00000000f5580000)
 Metaspace       used 59663K, committed 60864K, reserved 1105920K
  class space    used 5938K, committed 6400K, reserved 1048576K
}
Event: 1165.390 GC heap after
{Heap after GC invocations=626 (full 514):
 PSYoungGen      total 57344K, used 31743K [0x00000000f5580000, 0x00000000fac00000, 0x0000000100000000)
  eden space 31744K, 99% used [0x00000000f5580000,0x00000000f747fff8,0x00000000f7480000)
  from space 25600K, 0% used [0x00000000f9300000,0x00000000f9300000,0x00000000fac00000)
  to   space 12800K, 0% used [0x00000000f7480000,0x00000000f7480000,0x00000000f8100000)
 ParOldGen       total 349696K, used 349695K [0x00000000e0000000, 0x00000000f5580000, 0x00000000f5580000)
  object space 349696K, 99% used [0x00000000e0000000,0x00000000f557ffe8,0x00000000f5580000)
 Metaspace       used 59663K, committed 60864K, reserved 1105920K
  class space    used 5938K, committed 6400K, reserved 1048576K
}
Event: 1165.390 GC heap before
{Heap before GC invocations=627 (full 515):
 PSYoungGen      total 57344K, used 31743K [0x00000000f5580000, 0x00000000fac00000, 0x0000000100000000)
  eden space 31744K, 99% used [0x00000000f5580000,0x00000000f747fff8,0x00000000f7480000)
  from space 25600K, 0% used [0x00000000f9300000,0x00000000f9300000,0x00000000fac00000)
  to   space 12800K, 0% used [0x00000000f7480000,0x00000000f7480000,0x00000000f8100000)
 ParOldGen       total 349696K, used 349695K [0x00000000e0000000, 0x00000000f5580000, 0x00000000f5580000)
  object space 349696K, 99% used [0x00000000e0000000,0x00000000f557ffe8,0x00000000f5580000)
 Metaspace       used 59663K, committed 60864K, reserved 1105920K
  class space    used 5938K, committed 6400K, reserved 1048576K
}
Event: 1167.190 GC heap after
{Heap after GC invocations=627 (full 515):
 PSYoungGen      total 44544K, used 31743K [0x00000000f5580000, 0x00000000fac00000, 0x0000000100000000)
  eden space 31744K, 99% used [0x00000000f5580000,0x00000000f747fff8,0x00000000f7480000)
  from space 12800K, 0% used [0x00000000f7480000,0x00000000f7480000,0x00000000f8100000)
  to   space 25600K, 0% used [0x00000000f9300000,0x00000000f9300000,0x00000000fac00000)
 ParOldGen       total 349696K, used 349695K [0x00000000e0000000, 0x00000000f5580000, 0x00000000f5580000)
  object space 349696K, 99% used [0x00000000e0000000,0x00000000f557ff90,0x00000000f5580000)
 Metaspace       used 59663K, committed 60864K, reserved 1105920K
  class space    used 5938K, committed 6400K, reserved 1048576K
}
Event: 1167.191 GC heap before
{Heap before GC invocations=628 (full 516):
 PSYoungGen      total 44544K, used 31743K [0x00000000f5580000, 0x00000000fac00000, 0x0000000100000000)
  eden space 31744K, 99% used [0x00000000f5580000,0x00000000f747fff8,0x00000000f7480000)
  from space 12800K, 0% used [0x00000000f7480000,0x00000000f7480000,0x00000000f8100000)
  to   space 25600K, 0% used [0x00000000f9300000,0x00000000f9300000,0x00000000fac00000)
 ParOldGen       total 349696K, used 349696K [0x00000000e0000000, 0x00000000f5580000, 0x00000000f5580000)
  object space 349696K, 100% used [0x00000000e0000000,0x00000000f5580000,0x00000000f5580000)
 Metaspace       used 59663K, committed 60864K, reserved 1105920K
  class space    used 5938K, committed 6400K, reserved 1048576K
}
Event: 1169.094 GC heap after
{Heap after GC invocations=628 (full 516):
 PSYoungGen      total 57344K, used 31743K [0x00000000f5580000, 0x00000000fac00000, 0x0000000100000000)
  eden space 31744K, 99% used [0x00000000f5580000,0x00000000f747fff8,0x00000000f7480000)
  from space 25600K, 0% used [0x00000000f9300000,0x00000000f9300000,0x00000000fac00000)
  to   space 12800K, 0% used [0x00000000f7480000,0x00000000f7480000,0x00000000f8100000)
 ParOldGen       total 349696K, used 349696K [0x00000000e0000000, 0x00000000f5580000, 0x00000000f5580000)
  object space 349696K, 100% used [0x00000000e0000000,0x00000000f5580000,0x00000000f5580000)
 Metaspace       used 59663K, committed 60864K, reserved 1105920K
  class space    used 5938K, committed 6400K, reserved 1048576K
}
Event: 1169.094 GC heap before
{Heap before GC invocations=629 (full 517):
 PSYoungGen      total 57344K, used 31743K [0x00000000f5580000, 0x00000000fac00000, 0x0000000100000000)
  eden space 31744K, 99% used [0x00000000f5580000,0x00000000f747fff8,0x00000000f7480000)
  from space 25600K, 0% used [0x00000000f9300000,0x00000000f9300000,0x00000000fac00000)
  to   space 12800K, 0% used [0x00000000f7480000,0x00000000f7480000,0x00000000f8100000)
 ParOldGen       total 349696K, used 349696K [0x00000000e0000000, 0x00000000f5580000, 0x00000000f5580000)
  object space 349696K, 100% used [0x00000000e0000000,0x00000000f5580000,0x00000000f5580000)
 Metaspace       used 59663K, committed 60864K, reserved 1105920K
  class space    used 5938K, committed 6400K, reserved 1048576K
}
Event: 1171.070 GC heap after
{Heap after GC invocations=629 (full 517):
 PSYoungGen      total 44544K, used 31743K [0x00000000f5580000, 0x00000000fac00000, 0x0000000100000000)
  eden space 31744K, 99% used [0x00000000f5580000,0x00000000f747fff8,0x00000000f7480000)
  from space 12800K, 0% used [0x00000000f7480000,0x00000000f7480000,0x00000000f8100000)
  to   space 25600K, 0% used [0x00000000f9300000,0x00000000f9300000,0x00000000fac00000)
 ParOldGen       total 349696K, used 349696K [0x00000000e0000000, 0x00000000f5580000, 0x00000000f5580000)
  object space 349696K, 100% used [0x00000000e0000000,0x00000000f5580000,0x00000000f5580000)
 Metaspace       used 59663K, committed 60864K, reserved 1105920K
  class space    used 5938K, committed 6400K, reserved 1048576K
}

